  glad.c
  main.cpp
C:\Users\SI\Documents\GitHub\scenery\Scenery\Scenery\Model.h(9,10): fatal error C1083: Cannot open include file: 'assimp/Importer.hpp': No such file or directory
  Mesh.cpp
C:\Users\SI\Documents\GitHub\scenery\Scenery\Scenery\Mesh.cpp(32,64): warning C4244: 'argument': conversion from 'unsigned int' to 'float', possible loss of data
C:\Users\SI\Documents\GitHub\scenery\Scenery\Scenery\Mesh.cpp(44,68): warning C4267: 'argument': conversion from 'size_t' to 'GLsizei', possible loss of data
  Model.cpp
C:\Users\SI\Documents\GitHub\scenery\Scenery\Scenery\Model.h(9,10): fatal error C1083: Cannot open include file: 'assimp/Importer.hpp': No such file or directory
  PerlinNoise.cpp
  Possion.cpp
C:\Users\SI\Documents\GitHub\scenery\Scenery\Scenery\Possion.cpp(36,28): warning C4244: 'argument': conversion from 'int' to 'float', possible loss of data
C:\Users\SI\Documents\GitHub\scenery\Scenery\Scenery\Possion.cpp(36,21): warning C4244: 'argument': conversion from 'int' to 'float', possible loss of data
C:\Users\SI\Documents\GitHub\scenery\Scenery\Scenery\Possion.cpp(45,14): warning C4244: 'initializing': conversion from 'double' to 'float', possible loss of data
C:\Users\SI\Documents\GitHub\scenery\Scenery\Scenery\Possion.cpp(57,12): warning C4244: 'initializing': conversion from 'const _Ty' to 'int', possible loss of data
          with
          [
              _Ty=float
          ]
C:\Users\SI\Documents\GitHub\scenery\Scenery\Scenery\Possion.cpp(58,10): warning C4244: 'initializing': conversion from 'const _Ty' to 'int', possible loss of data
          with
          [
              _Ty=float
          ]
C:\Users\SI\Documents\GitHub\scenery\Scenery\Scenery\Possion.cpp(59,12): warning C4244: 'initializing': conversion from 'const _Ty' to 'int', possible loss of data
          with
          [
              _Ty=float
          ]
C:\Users\SI\Documents\GitHub\scenery\Scenery\Scenery\Possion.cpp(60,10): warning C4244: 'initializing': conversion from 'const _Ty' to 'int', possible loss of data
          with
          [
              _Ty=float
          ]
C:\Users\SI\Documents\GitHub\scenery\Scenery\Scenery\Possion.cpp(64,37): warning C4244: 'argument': conversion from 'int' to 'float', possible loss of data
C:\Users\SI\Documents\GitHub\scenery\Scenery\Scenery\Possion.cpp(64,34): warning C4244: 'argument': conversion from 'int' to 'float', possible loss of data
C:\Users\SI\Documents\GitHub\scenery\Scenery\Scenery\Possion.cpp(71,13): warning C4244: 'return': conversion from 'double' to 'float', possible loss of data
C:\Users\SI\Documents\GitHub\scenery\Scenery\Scenery\Possion.cpp(80,32): warning C4244: 'argument': conversion from 'float' to 'const unsigned __int64', possible loss of data
C:\Users\SI\Documents\GitHub\scenery\Scenery\Scenery\Possion.cpp(80,40): warning C4244: 'argument': conversion from 'float' to 'const unsigned __int64', possible loss of data
C:\Users\SI\Documents\GitHub\scenery\Scenery\Scenery\Possion.cpp(96,17): warning C4244: 'initializing': conversion from 'double' to 'float', possible loss of data
C:\Users\SI\Documents\GitHub\scenery\Scenery\Scenery\Possion.cpp(98,15): warning C4244: 'initializing': conversion from 'float' to 'int', possible loss of data
C:\Users\SI\Documents\GitHub\scenery\Scenery\Scenery\Possion.cpp(114,16): warning C4244: 'argument': conversion from 'float' to 'const unsigned __int64', possible loss of data
C:\Users\SI\Documents\GitHub\scenery\Scenery\Scenery\Possion.cpp(114,29): warning C4244: 'argument': conversion from 'float' to 'const unsigned __int64', possible loss of data
C:\Users\SI\Documents\GitHub\scenery\Scenery\Scenery\Possion.cpp(125,19): warning C4244: 'argument': conversion from 'float' to 'const unsigned __int64', possible loss of data
C:\Users\SI\Documents\GitHub\scenery\Scenery\Scenery\Possion.cpp(125,32): warning C4244: 'argument': conversion from 'float' to 'const unsigned __int64', possible loss of data
  Shader.cpp
  Terrain.cpp
C:\Users\SI\Documents\GitHub\scenery\Scenery\Scenery\Model.h(9,10): fatal error C1083: Cannot open include file: 'assimp/Importer.hpp': No such file or directory
  imgui.cpp
  imgui_demo.cpp
  imgui_draw.cpp
  imgui_impl_glfw.cpp
  imgui_impl_opengl3.cpp
  imgui_widgets.cpp
